2025-11-25 16:36:56,112 ERROR ImhotepPatientPortal: Error executing _fetch_one (query=SELECT * FROM user WHERE Patient_ID = %s, params=(121212,))
Traceback (most recent call last):
  File "C:\Users\Zeus\Desktop\Varsity_Project_2nd_Year\imhotep_app\imhotep\views\patient.py", line 207, in _fetch_one
    cur.execute(query, params or ())
  File "C:\Users\Zeus\AppData\Local\Programs\Python\Python311\Lib\site-packages\pymysql\cursors.py", line 153, in execute
    result = self._query(query)
             ^^^^^^^^^^^^^^^^^^
  File "C:\Users\Zeus\AppData\Local\Programs\Python\Python311\Lib\site-packages\pymysql\cursors.py", line 322, in _query
    conn.query(q)
  File "C:\Users\Zeus\AppData\Local\Programs\Python\Python311\Lib\site-packages\pymysql\connections.py", line 575, in query
    self._affected_rows = self._read_query_result(unbuffered=unbuffered)
                          ^^^^^^^^^^^^^^^^^^^^^^^^^^^^^^^^^^^^^^^^^^^^^^
  File "C:\Users\Zeus\AppData\Local\Programs\Python\Python311\Lib\site-packages\pymysql\connections.py", line 826, in _read_query_result
    result.read()
  File "C:\Users\Zeus\AppData\Local\Programs\Python\Python311\Lib\site-packages\pymysql\connections.py", line 1203, in read
    first_packet = self.connection._read_packet()
                   ^^^^^^^^^^^^^^^^^^^^^^^^^^^^^^
  File "C:\Users\Zeus\AppData\Local\Programs\Python\Python311\Lib\site-packages\pymysql\connections.py", line 782, in _read_packet
    packet.raise_for_error()
  File "C:\Users\Zeus\AppData\Local\Programs\Python\Python311\Lib\site-packages\pymysql\protocol.py", line 219, in raise_for_error
    err.raise_mysql_exception(self._data)
  File "C:\Users\Zeus\AppData\Local\Programs\Python\Python311\Lib\site-packages\pymysql\err.py", line 150, in raise_mysql_exception
    raise errorclass(errno, errval)
pymysql.err.OperationalError: (1054, "Unknown column 'Patient_ID' in 'where clause'")
2025-11-25 16:36:56,156 ERROR ImhotepPatientPortal: Error executing _fetch_one (query=SELECT * FROM user WHERE Patient_ID = %s, params=(121212,))
Traceback (most recent call last):
  File "C:\Users\Zeus\Desktop\Varsity_Project_2nd_Year\imhotep_app\imhotep\views\patient.py", line 207, in _fetch_one
    cur.execute(query, params or ())
  File "C:\Users\Zeus\AppData\Local\Programs\Python\Python311\Lib\site-packages\pymysql\cursors.py", line 153, in execute
    result = self._query(query)
             ^^^^^^^^^^^^^^^^^^
  File "C:\Users\Zeus\AppData\Local\Programs\Python\Python311\Lib\site-packages\pymysql\cursors.py", line 322, in _query
    conn.query(q)
  File "C:\Users\Zeus\AppData\Local\Programs\Python\Python311\Lib\site-packages\pymysql\connections.py", line 575, in query
    self._affected_rows = self._read_query_result(unbuffered=unbuffered)
                          ^^^^^^^^^^^^^^^^^^^^^^^^^^^^^^^^^^^^^^^^^^^^^^
  File "C:\Users\Zeus\AppData\Local\Programs\Python\Python311\Lib\site-packages\pymysql\connections.py", line 826, in _read_query_result
    result.read()
  File "C:\Users\Zeus\AppData\Local\Programs\Python\Python311\Lib\site-packages\pymysql\connections.py", line 1203, in read
    first_packet = self.connection._read_packet()
                   ^^^^^^^^^^^^^^^^^^^^^^^^^^^^^^
  File "C:\Users\Zeus\AppData\Local\Programs\Python\Python311\Lib\site-packages\pymysql\connections.py", line 782, in _read_packet
    packet.raise_for_error()
  File "C:\Users\Zeus\AppData\Local\Programs\Python\Python311\Lib\site-packages\pymysql\protocol.py", line 219, in raise_for_error
    err.raise_mysql_exception(self._data)
  File "C:\Users\Zeus\AppData\Local\Programs\Python\Python311\Lib\site-packages\pymysql\err.py", line 150, in raise_mysql_exception
    raise errorclass(errno, errval)
pymysql.err.OperationalError: (1054, "Unknown column 'Patient_ID' in 'where clause'")
